2018-04-26 11:16:27,239 DEBUG    root            Metrics collector initialized...
2018-04-26 11:16:27,244 DEBUG    root            Loaded Command Group: ['gcloud', 'components']
2018-04-26 11:16:27,249 DEBUG    root            Loaded Command Group: ['gcloud', 'components', 'list']
2018-04-26 11:16:27,253 DEBUG    root            Running [gcloud.components.list] with arguments: [--quiet: "True"]
2018-04-26 11:16:27,451 INFO     ___FILE_ONLY___ 
Your current Cloud SDK version is: 192.0.0

2018-04-26 11:16:27,452 INFO     ___FILE_ONLY___ The latest available version is: 199.0.0

2018-04-26 11:16:27,452 INFO     ___FILE_ONLY___ 

2018-04-26 11:16:27,453 INFO     root            Display format "table[box,title="Components"](state.name:label=Status,name:label=Name,id:label=ID,size.size(zero="",min=1048576):label=Size:align=right)".
2018-04-26 11:16:27,458 INFO     ___FILE_ONLY___ ┌────────────────────────────────────────────────────────────────────────────────────────────────────────────────┐
2018-04-26 11:16:27,458 INFO     ___FILE_ONLY___ 

2018-04-26 11:16:27,458 INFO     ___FILE_ONLY___ │                                                   Components                                                   │
2018-04-26 11:16:27,458 INFO     ___FILE_ONLY___ 

2018-04-26 11:16:27,458 INFO     ___FILE_ONLY___ ├──────────────────┬──────────────────────────────────────────────────────┬──────────────────────────┬───────────┤
2018-04-26 11:16:27,458 INFO     ___FILE_ONLY___ 

2018-04-26 11:16:27,458 INFO     ___FILE_ONLY___ │      Status      │                         Name                         │            ID            │    Size   │
2018-04-26 11:16:27,458 INFO     ___FILE_ONLY___ 

2018-04-26 11:16:27,459 INFO     ___FILE_ONLY___ ├──────────────────┼──────────────────────────────────────────────────────┼──────────────────────────┼───────────┤
2018-04-26 11:16:27,459 INFO     ___FILE_ONLY___ 

2018-04-26 11:16:27,459 INFO     ___FILE_ONLY___ │ 
2018-04-26 11:16:27,459 INFO     ___FILE_ONLY___ Update Available
2018-04-26 11:16:27,459 INFO     ___FILE_ONLY___  
2018-04-26 11:16:27,459 INFO     ___FILE_ONLY___ │ 
2018-04-26 11:16:27,459 INFO     ___FILE_ONLY___ BigQuery Command Line Tool                          
2018-04-26 11:16:27,459 INFO     ___FILE_ONLY___  
2018-04-26 11:16:27,459 INFO     ___FILE_ONLY___ │ 
2018-04-26 11:16:27,459 INFO     ___FILE_ONLY___ bq                      
2018-04-26 11:16:27,460 INFO     ___FILE_ONLY___  
2018-04-26 11:16:27,460 INFO     ___FILE_ONLY___ │ 
2018-04-26 11:16:27,460 INFO     ___FILE_ONLY___   < 1 MiB
2018-04-26 11:16:27,460 INFO     ___FILE_ONLY___  
2018-04-26 11:16:27,460 INFO     ___FILE_ONLY___ │
2018-04-26 11:16:27,460 INFO     ___FILE_ONLY___ 

2018-04-26 11:16:27,460 INFO     ___FILE_ONLY___ │ 
2018-04-26 11:16:27,460 INFO     ___FILE_ONLY___ Update Available
2018-04-26 11:16:27,460 INFO     ___FILE_ONLY___  
2018-04-26 11:16:27,460 INFO     ___FILE_ONLY___ │ 
2018-04-26 11:16:27,460 INFO     ___FILE_ONLY___ Cloud SDK Core Libraries                            
2018-04-26 11:16:27,460 INFO     ___FILE_ONLY___  
2018-04-26 11:16:27,461 INFO     ___FILE_ONLY___ │ 
2018-04-26 11:16:27,461 INFO     ___FILE_ONLY___ core                    
2018-04-26 11:16:27,461 INFO     ___FILE_ONLY___  
2018-04-26 11:16:27,461 INFO     ___FILE_ONLY___ │ 
2018-04-26 11:16:27,461 INFO     ___FILE_ONLY___   7.8 MiB
2018-04-26 11:16:27,461 INFO     ___FILE_ONLY___  
2018-04-26 11:16:27,461 INFO     ___FILE_ONLY___ │
2018-04-26 11:16:27,461 INFO     ___FILE_ONLY___ 

2018-04-26 11:16:27,461 INFO     ___FILE_ONLY___ │ 
2018-04-26 11:16:27,461 INFO     ___FILE_ONLY___ Update Available
2018-04-26 11:16:27,461 INFO     ___FILE_ONLY___  
2018-04-26 11:16:27,461 INFO     ___FILE_ONLY___ │ 
2018-04-26 11:16:27,462 INFO     ___FILE_ONLY___ Cloud Storage Command Line Tool                     
2018-04-26 11:16:27,462 INFO     ___FILE_ONLY___  
2018-04-26 11:16:27,462 INFO     ___FILE_ONLY___ │ 
2018-04-26 11:16:27,462 INFO     ___FILE_ONLY___ gsutil                  
2018-04-26 11:16:27,462 INFO     ___FILE_ONLY___  
2018-04-26 11:16:27,462 INFO     ___FILE_ONLY___ │ 
2018-04-26 11:16:27,462 INFO     ___FILE_ONLY___   3.4 MiB
2018-04-26 11:16:27,462 INFO     ___FILE_ONLY___  
2018-04-26 11:16:27,462 INFO     ___FILE_ONLY___ │
2018-04-26 11:16:27,462 INFO     ___FILE_ONLY___ 

2018-04-26 11:16:27,462 INFO     ___FILE_ONLY___ │ 
2018-04-26 11:16:27,462 INFO     ___FILE_ONLY___ Not Installed   
2018-04-26 11:16:27,462 INFO     ___FILE_ONLY___  
2018-04-26 11:16:27,463 INFO     ___FILE_ONLY___ │ 
2018-04-26 11:16:27,463 INFO     ___FILE_ONLY___ App Engine Go Extensions                            
2018-04-26 11:16:27,463 INFO     ___FILE_ONLY___  
2018-04-26 11:16:27,463 INFO     ___FILE_ONLY___ │ 
2018-04-26 11:16:27,463 INFO     ___FILE_ONLY___ app-engine-go           
2018-04-26 11:16:27,463 INFO     ___FILE_ONLY___  
2018-04-26 11:16:27,463 INFO     ___FILE_ONLY___ │ 
2018-04-26 11:16:27,463 INFO     ___FILE_ONLY___ 151.3 MiB
2018-04-26 11:16:27,463 INFO     ___FILE_ONLY___  
2018-04-26 11:16:27,463 INFO     ___FILE_ONLY___ │
2018-04-26 11:16:27,463 INFO     ___FILE_ONLY___ 

2018-04-26 11:16:27,463 INFO     ___FILE_ONLY___ │ 
2018-04-26 11:16:27,464 INFO     ___FILE_ONLY___ Not Installed   
2018-04-26 11:16:27,464 INFO     ___FILE_ONLY___  
2018-04-26 11:16:27,464 INFO     ___FILE_ONLY___ │ 
2018-04-26 11:16:27,464 INFO     ___FILE_ONLY___ Cloud Bigtable Command Line Tool                    
2018-04-26 11:16:27,464 INFO     ___FILE_ONLY___  
2018-04-26 11:16:27,464 INFO     ___FILE_ONLY___ │ 
2018-04-26 11:16:27,464 INFO     ___FILE_ONLY___ cbt                     
2018-04-26 11:16:27,464 INFO     ___FILE_ONLY___  
2018-04-26 11:16:27,464 INFO     ___FILE_ONLY___ │ 
2018-04-26 11:16:27,464 INFO     ___FILE_ONLY___   4.6 MiB
2018-04-26 11:16:27,464 INFO     ___FILE_ONLY___  
2018-04-26 11:16:27,464 INFO     ___FILE_ONLY___ │
2018-04-26 11:16:27,464 INFO     ___FILE_ONLY___ 

2018-04-26 11:16:27,465 INFO     ___FILE_ONLY___ │ 
2018-04-26 11:16:27,465 INFO     ___FILE_ONLY___ Not Installed   
2018-04-26 11:16:27,465 INFO     ___FILE_ONLY___  
2018-04-26 11:16:27,465 INFO     ___FILE_ONLY___ │ 
2018-04-26 11:16:27,465 INFO     ___FILE_ONLY___ Cloud Bigtable Emulator                             
2018-04-26 11:16:27,465 INFO     ___FILE_ONLY___  
2018-04-26 11:16:27,465 INFO     ___FILE_ONLY___ │ 
2018-04-26 11:16:27,465 INFO     ___FILE_ONLY___ bigtable                
2018-04-26 11:16:27,465 INFO     ___FILE_ONLY___  
2018-04-26 11:16:27,465 INFO     ___FILE_ONLY___ │ 
2018-04-26 11:16:27,465 INFO     ___FILE_ONLY___   3.8 MiB
2018-04-26 11:16:27,465 INFO     ___FILE_ONLY___  
2018-04-26 11:16:27,466 INFO     ___FILE_ONLY___ │
2018-04-26 11:16:27,466 INFO     ___FILE_ONLY___ 

2018-04-26 11:16:27,466 INFO     ___FILE_ONLY___ │ 
2018-04-26 11:16:27,466 INFO     ___FILE_ONLY___ Not Installed   
2018-04-26 11:16:27,466 INFO     ___FILE_ONLY___  
2018-04-26 11:16:27,466 INFO     ___FILE_ONLY___ │ 
2018-04-26 11:16:27,466 INFO     ___FILE_ONLY___ Cloud Datalab Command Line Tool                     
2018-04-26 11:16:27,466 INFO     ___FILE_ONLY___  
2018-04-26 11:16:27,466 INFO     ___FILE_ONLY___ │ 
2018-04-26 11:16:27,466 INFO     ___FILE_ONLY___ datalab                 
2018-04-26 11:16:27,466 INFO     ___FILE_ONLY___  
2018-04-26 11:16:27,467 INFO     ___FILE_ONLY___ │ 
2018-04-26 11:16:27,467 INFO     ___FILE_ONLY___   < 1 MiB
2018-04-26 11:16:27,467 INFO     ___FILE_ONLY___  
2018-04-26 11:16:27,467 INFO     ___FILE_ONLY___ │
2018-04-26 11:16:27,467 INFO     ___FILE_ONLY___ 

2018-04-26 11:16:27,467 INFO     ___FILE_ONLY___ │ 
2018-04-26 11:16:27,467 INFO     ___FILE_ONLY___ Not Installed   
2018-04-26 11:16:27,467 INFO     ___FILE_ONLY___  
2018-04-26 11:16:27,467 INFO     ___FILE_ONLY___ │ 
2018-04-26 11:16:27,467 INFO     ___FILE_ONLY___ Cloud Datastore Emulator                            
2018-04-26 11:16:27,467 INFO     ___FILE_ONLY___  
2018-04-26 11:16:27,468 INFO     ___FILE_ONLY___ │ 
2018-04-26 11:16:27,468 INFO     ___FILE_ONLY___ cloud-datastore-emulator
2018-04-26 11:16:27,468 INFO     ___FILE_ONLY___  
2018-04-26 11:16:27,468 INFO     ___FILE_ONLY___ │ 
2018-04-26 11:16:27,468 INFO     ___FILE_ONLY___  17.9 MiB
2018-04-26 11:16:27,468 INFO     ___FILE_ONLY___  
2018-04-26 11:16:27,468 INFO     ___FILE_ONLY___ │
2018-04-26 11:16:27,468 INFO     ___FILE_ONLY___ 

2018-04-26 11:16:27,468 INFO     ___FILE_ONLY___ │ 
2018-04-26 11:16:27,468 INFO     ___FILE_ONLY___ Not Installed   
2018-04-26 11:16:27,468 INFO     ___FILE_ONLY___  
2018-04-26 11:16:27,468 INFO     ___FILE_ONLY___ │ 
2018-04-26 11:16:27,469 INFO     ___FILE_ONLY___ Cloud Datastore Emulator (Legacy)                   
2018-04-26 11:16:27,469 INFO     ___FILE_ONLY___  
2018-04-26 11:16:27,469 INFO     ___FILE_ONLY___ │ 
2018-04-26 11:16:27,469 INFO     ___FILE_ONLY___ gcd-emulator            
2018-04-26 11:16:27,469 INFO     ___FILE_ONLY___  
2018-04-26 11:16:27,469 INFO     ___FILE_ONLY___ │ 
2018-04-26 11:16:27,469 INFO     ___FILE_ONLY___  38.1 MiB
2018-04-26 11:16:27,469 INFO     ___FILE_ONLY___  
2018-04-26 11:16:27,469 INFO     ___FILE_ONLY___ │
2018-04-26 11:16:27,469 INFO     ___FILE_ONLY___ 

2018-04-26 11:16:27,469 INFO     ___FILE_ONLY___ │ 
2018-04-26 11:16:27,470 INFO     ___FILE_ONLY___ Not Installed   
2018-04-26 11:16:27,470 INFO     ___FILE_ONLY___  
2018-04-26 11:16:27,470 INFO     ___FILE_ONLY___ │ 
2018-04-26 11:16:27,470 INFO     ___FILE_ONLY___ Cloud Pub/Sub Emulator                              
2018-04-26 11:16:27,470 INFO     ___FILE_ONLY___  
2018-04-26 11:16:27,470 INFO     ___FILE_ONLY___ │ 
2018-04-26 11:16:27,470 INFO     ___FILE_ONLY___ pubsub-emulator         
2018-04-26 11:16:27,470 INFO     ___FILE_ONLY___  
2018-04-26 11:16:27,470 INFO     ___FILE_ONLY___ │ 
2018-04-26 11:16:27,470 INFO     ___FILE_ONLY___  33.4 MiB
2018-04-26 11:16:27,470 INFO     ___FILE_ONLY___  
2018-04-26 11:16:27,470 INFO     ___FILE_ONLY___ │
2018-04-26 11:16:27,471 INFO     ___FILE_ONLY___ 

2018-04-26 11:16:27,471 INFO     ___FILE_ONLY___ │ 
2018-04-26 11:16:27,471 INFO     ___FILE_ONLY___ Not Installed   
2018-04-26 11:16:27,471 INFO     ___FILE_ONLY___  
2018-04-26 11:16:27,471 INFO     ___FILE_ONLY___ │ 
2018-04-26 11:16:27,471 INFO     ___FILE_ONLY___ Emulator Reverse Proxy                              
2018-04-26 11:16:27,471 INFO     ___FILE_ONLY___  
2018-04-26 11:16:27,471 INFO     ___FILE_ONLY___ │ 
2018-04-26 11:16:27,471 INFO     ___FILE_ONLY___ emulator-reverse-proxy  
2018-04-26 11:16:27,471 INFO     ___FILE_ONLY___  
2018-04-26 11:16:27,471 INFO     ___FILE_ONLY___ │ 
2018-04-26 11:16:27,471 INFO     ___FILE_ONLY___  14.5 MiB
2018-04-26 11:16:27,472 INFO     ___FILE_ONLY___  
2018-04-26 11:16:27,472 INFO     ___FILE_ONLY___ │
2018-04-26 11:16:27,472 INFO     ___FILE_ONLY___ 

2018-04-26 11:16:27,472 INFO     ___FILE_ONLY___ │ 
2018-04-26 11:16:27,472 INFO     ___FILE_ONLY___ Not Installed   
2018-04-26 11:16:27,472 INFO     ___FILE_ONLY___  
2018-04-26 11:16:27,472 INFO     ___FILE_ONLY___ │ 
2018-04-26 11:16:27,472 INFO     ___FILE_ONLY___ Google Container Local Builder                      
2018-04-26 11:16:27,472 INFO     ___FILE_ONLY___  
2018-04-26 11:16:27,472 INFO     ___FILE_ONLY___ │ 
2018-04-26 11:16:27,472 INFO     ___FILE_ONLY___ container-builder-local 
2018-04-26 11:16:27,473 INFO     ___FILE_ONLY___  
2018-04-26 11:16:27,473 INFO     ___FILE_ONLY___ │ 
2018-04-26 11:16:27,473 INFO     ___FILE_ONLY___   4.3 MiB
2018-04-26 11:16:27,473 INFO     ___FILE_ONLY___  
2018-04-26 11:16:27,473 INFO     ___FILE_ONLY___ │
2018-04-26 11:16:27,473 INFO     ___FILE_ONLY___ 

2018-04-26 11:16:27,473 INFO     ___FILE_ONLY___ │ 
2018-04-26 11:16:27,473 INFO     ___FILE_ONLY___ Not Installed   
2018-04-26 11:16:27,473 INFO     ___FILE_ONLY___  
2018-04-26 11:16:27,473 INFO     ___FILE_ONLY___ │ 
2018-04-26 11:16:27,474 INFO     ___FILE_ONLY___ Google Container Registry's Docker credential helper
2018-04-26 11:16:27,474 INFO     ___FILE_ONLY___  
2018-04-26 11:16:27,474 INFO     ___FILE_ONLY___ │ 
2018-04-26 11:16:27,474 INFO     ___FILE_ONLY___ docker-credential-gcr   
2018-04-26 11:16:27,474 INFO     ___FILE_ONLY___  
2018-04-26 11:16:27,474 INFO     ___FILE_ONLY___ │ 
2018-04-26 11:16:27,474 INFO     ___FILE_ONLY___   2.5 MiB
2018-04-26 11:16:27,474 INFO     ___FILE_ONLY___  
2018-04-26 11:16:27,474 INFO     ___FILE_ONLY___ │
2018-04-26 11:16:27,474 INFO     ___FILE_ONLY___ 

2018-04-26 11:16:27,474 INFO     ___FILE_ONLY___ │ 
2018-04-26 11:16:27,475 INFO     ___FILE_ONLY___ Not Installed   
2018-04-26 11:16:27,475 INFO     ___FILE_ONLY___  
2018-04-26 11:16:27,475 INFO     ___FILE_ONLY___ │ 
2018-04-26 11:16:27,475 INFO     ___FILE_ONLY___ gcloud Alpha Commands                               
2018-04-26 11:16:27,475 INFO     ___FILE_ONLY___  
2018-04-26 11:16:27,475 INFO     ___FILE_ONLY___ │ 
2018-04-26 11:16:27,475 INFO     ___FILE_ONLY___ alpha                   
2018-04-26 11:16:27,475 INFO     ___FILE_ONLY___  
2018-04-26 11:16:27,475 INFO     ___FILE_ONLY___ │ 
2018-04-26 11:16:27,475 INFO     ___FILE_ONLY___   < 1 MiB
2018-04-26 11:16:27,475 INFO     ___FILE_ONLY___  
2018-04-26 11:16:27,475 INFO     ___FILE_ONLY___ │
2018-04-26 11:16:27,475 INFO     ___FILE_ONLY___ 

2018-04-26 11:16:27,476 INFO     ___FILE_ONLY___ │ 
2018-04-26 11:16:27,476 INFO     ___FILE_ONLY___ Not Installed   
2018-04-26 11:16:27,476 INFO     ___FILE_ONLY___  
2018-04-26 11:16:27,476 INFO     ___FILE_ONLY___ │ 
2018-04-26 11:16:27,476 INFO     ___FILE_ONLY___ gcloud Beta Commands                                
2018-04-26 11:16:27,476 INFO     ___FILE_ONLY___  
2018-04-26 11:16:27,476 INFO     ___FILE_ONLY___ │ 
2018-04-26 11:16:27,476 INFO     ___FILE_ONLY___ beta                    
2018-04-26 11:16:27,476 INFO     ___FILE_ONLY___  
2018-04-26 11:16:27,477 INFO     ___FILE_ONLY___ │ 
2018-04-26 11:16:27,477 INFO     ___FILE_ONLY___   < 1 MiB
2018-04-26 11:16:27,477 INFO     ___FILE_ONLY___  
2018-04-26 11:16:27,477 INFO     ___FILE_ONLY___ │
2018-04-26 11:16:27,477 INFO     ___FILE_ONLY___ 

2018-04-26 11:16:27,477 INFO     ___FILE_ONLY___ │ 
2018-04-26 11:16:27,477 INFO     ___FILE_ONLY___ Not Installed   
2018-04-26 11:16:27,477 INFO     ___FILE_ONLY___  
2018-04-26 11:16:27,477 INFO     ___FILE_ONLY___ │ 
2018-04-26 11:16:27,478 INFO     ___FILE_ONLY___ gcloud app Java Extensions                          
2018-04-26 11:16:27,478 INFO     ___FILE_ONLY___  
2018-04-26 11:16:27,478 INFO     ___FILE_ONLY___ │ 
2018-04-26 11:16:27,478 INFO     ___FILE_ONLY___ app-engine-java         
2018-04-26 11:16:27,478 INFO     ___FILE_ONLY___  
2018-04-26 11:16:27,478 INFO     ___FILE_ONLY___ │ 
2018-04-26 11:16:27,478 INFO     ___FILE_ONLY___ 118.9 MiB
2018-04-26 11:16:27,478 INFO     ___FILE_ONLY___  
2018-04-26 11:16:27,478 INFO     ___FILE_ONLY___ │
2018-04-26 11:16:27,478 INFO     ___FILE_ONLY___ 

2018-04-26 11:16:27,478 INFO     ___FILE_ONLY___ │ 
2018-04-26 11:16:27,478 INFO     ___FILE_ONLY___ Not Installed   
2018-04-26 11:16:27,479 INFO     ___FILE_ONLY___  
2018-04-26 11:16:27,479 INFO     ___FILE_ONLY___ │ 
2018-04-26 11:16:27,479 INFO     ___FILE_ONLY___ gcloud app PHP Extensions                           
2018-04-26 11:16:27,479 INFO     ___FILE_ONLY___  
2018-04-26 11:16:27,479 INFO     ___FILE_ONLY___ │ 
2018-04-26 11:16:27,479 INFO     ___FILE_ONLY___ app-engine-php          
2018-04-26 11:16:27,479 INFO     ___FILE_ONLY___  
2018-04-26 11:16:27,479 INFO     ___FILE_ONLY___ │ 
2018-04-26 11:16:27,479 INFO     ___FILE_ONLY___  21.9 MiB
2018-04-26 11:16:27,479 INFO     ___FILE_ONLY___  
2018-04-26 11:16:27,479 INFO     ___FILE_ONLY___ │
2018-04-26 11:16:27,479 INFO     ___FILE_ONLY___ 

2018-04-26 11:16:27,480 INFO     ___FILE_ONLY___ │ 
2018-04-26 11:16:27,480 INFO     ___FILE_ONLY___ Not Installed   
2018-04-26 11:16:27,480 INFO     ___FILE_ONLY___  
2018-04-26 11:16:27,480 INFO     ___FILE_ONLY___ │ 
2018-04-26 11:16:27,480 INFO     ___FILE_ONLY___ gcloud app Python Extensions                        
2018-04-26 11:16:27,480 INFO     ___FILE_ONLY___  
2018-04-26 11:16:27,480 INFO     ___FILE_ONLY___ │ 
2018-04-26 11:16:27,480 INFO     ___FILE_ONLY___ app-engine-python       
2018-04-26 11:16:27,480 INFO     ___FILE_ONLY___  
2018-04-26 11:16:27,480 INFO     ___FILE_ONLY___ │ 
2018-04-26 11:16:27,480 INFO     ___FILE_ONLY___   6.1 MiB
2018-04-26 11:16:27,480 INFO     ___FILE_ONLY___  
2018-04-26 11:16:27,481 INFO     ___FILE_ONLY___ │
2018-04-26 11:16:27,481 INFO     ___FILE_ONLY___ 

2018-04-26 11:16:27,481 INFO     ___FILE_ONLY___ │ 
2018-04-26 11:16:27,481 INFO     ___FILE_ONLY___ Not Installed   
2018-04-26 11:16:27,481 INFO     ___FILE_ONLY___  
2018-04-26 11:16:27,481 INFO     ___FILE_ONLY___ │ 
2018-04-26 11:16:27,481 INFO     ___FILE_ONLY___ gcloud app Python Extensions (Extra Libraries)      
2018-04-26 11:16:27,481 INFO     ___FILE_ONLY___  
2018-04-26 11:16:27,481 INFO     ___FILE_ONLY___ │ 
2018-04-26 11:16:27,481 INFO     ___FILE_ONLY___ app-engine-python-extras
2018-04-26 11:16:27,481 INFO     ___FILE_ONLY___  
2018-04-26 11:16:27,481 INFO     ___FILE_ONLY___ │ 
2018-04-26 11:16:27,482 INFO     ___FILE_ONLY___  28.5 MiB
2018-04-26 11:16:27,482 INFO     ___FILE_ONLY___  
2018-04-26 11:16:27,482 INFO     ___FILE_ONLY___ │
2018-04-26 11:16:27,482 INFO     ___FILE_ONLY___ 

2018-04-26 11:16:27,482 INFO     ___FILE_ONLY___ │ 
2018-04-26 11:16:27,482 INFO     ___FILE_ONLY___ Not Installed   
2018-04-26 11:16:27,482 INFO     ___FILE_ONLY___  
2018-04-26 11:16:27,482 INFO     ___FILE_ONLY___ │ 
2018-04-26 11:16:27,482 INFO     ___FILE_ONLY___ kubectl                                             
2018-04-26 11:16:27,482 INFO     ___FILE_ONLY___  
2018-04-26 11:16:27,482 INFO     ___FILE_ONLY___ │ 
2018-04-26 11:16:27,482 INFO     ___FILE_ONLY___ kubectl                 
2018-04-26 11:16:27,482 INFO     ___FILE_ONLY___  
2018-04-26 11:16:27,482 INFO     ___FILE_ONLY___ │ 
2018-04-26 11:16:27,483 INFO     ___FILE_ONLY___  12.2 MiB
2018-04-26 11:16:27,483 INFO     ___FILE_ONLY___  
2018-04-26 11:16:27,483 INFO     ___FILE_ONLY___ │
2018-04-26 11:16:27,483 INFO     ___FILE_ONLY___ 

2018-04-26 11:16:27,483 INFO     ___FILE_ONLY___ └──────────────────┴──────────────────────────────────────────────────────┴──────────────────────────┴───────────┘
2018-04-26 11:16:27,483 INFO     ___FILE_ONLY___ 

2018-04-26 11:16:27,483 INFO     ___FILE_ONLY___ To install or remove components at your current SDK version [192.0.0], run:
  $ gcloud components install COMPONENT_ID
  $ gcloud components remove COMPONENT_ID

To update your SDK installation to the latest version [199.0.0], run:
  $ gcloud components update


2018-04-26 11:16:54,920 DEBUG    root            Metrics reporting process started...
