2018-04-26 11:17:42,738 DEBUG    root            Loaded Command Group: ['gcloud', 'init']
2018-04-26 11:17:42,741 DEBUG    root            Running [gcloud.init] with arguments: []
2018-04-26 11:17:42,741 INFO     ___FILE_ONLY___ Welcome! This command will take you through the configuration of gcloud.


2018-04-26 11:17:42,743 INFO     ___FILE_ONLY___ Your current configuration has been set to: [default]


2018-04-26 11:17:42,744 INFO     ___FILE_ONLY___ You can skip diagnostics next time by using the following flag:

2018-04-26 11:17:42,744 INFO     ___FILE_ONLY___   gcloud init --skip-diagnostics


2018-04-26 11:17:42,744 INFO     ___FILE_ONLY___ Network diagnostic detects and fixes local network connection issues.

2018-04-26 11:17:42,745 INFO     ___FILE_ONLY___ Checking network connection...
2018-04-26 11:17:44,755 INFO     ___FILE_ONLY___ Reachability Check passed.

2018-04-26 11:17:44,756 INFO     ___FILE_ONLY___ Network diagnostic (1/1 checks) passed.


2018-04-26 11:17:52,586 DEBUG    root            Loaded Command Group: ['gcloud', 'auth']
2018-04-26 11:17:52,601 DEBUG    root            Loaded Command Group: ['gcloud', 'auth', 'login']
2018-04-26 11:17:52,602 INFO     root            Executing: [gcloud auth login --force --brief]
2018-04-26 11:17:52,604 DEBUG    root            Running [gcloud.auth.login] with arguments: [--brief: "True", --force: "True"]
2018-04-26 11:17:52,995 INFO     ___FILE_ONLY___ Your browser has been opened to visit:

    https://accounts.google.com/o/oauth2/auth?redirect_uri=http%3A%2F%2Flocalhost%3A8085%2F&prompt=select_account&response_type=code&client_id=32555940559.apps.googleusercontent.com&scope=https%3A%2F%2Fwww.googleapis.com%2Fauth%2Fuserinfo.email+https%3A%2F%2Fwww.googleapis.com%2Fauth%2Fcloud-platform+https%3A%2F%2Fwww.googleapis.com%2Fauth%2Fappengine.admin+https%3A%2F%2Fwww.googleapis.com%2Fauth%2Fcompute+https%3A%2F%2Fwww.googleapis.com%2Fauth%2Faccounts.reauth&access_type=offline



2018-04-26 11:18:05,770 INFO     oauth2client.client Successfully retrieved access token
2018-04-26 11:18:05,779 INFO     root            Display format "none".
2018-04-26 11:18:05,781 DEBUG    root            Checking for updates...
2018-04-26 11:18:05,946 DEBUG    root            Updating notification cache...
2018-04-26 11:18:05,946 DEBUG    root            Activating notification: [default]
2018-04-26 11:18:05,946 INFO     ___FILE_ONLY___ 

Updates are available for some Cloud SDK components.  To install them,
please run:
  $ gcloud components update


2018-04-26 11:18:05,948 INFO     ___FILE_ONLY___ You are logged in as: [fxxkinspam@gmail.com].


2018-04-26 11:18:49,003 INFO     ___FILE_ONLY___ Your current project has been set to: [kajinote-718f3].


2018-04-26 11:18:49,009 DEBUG    root            Loaded Command Group: ['gcloud', 'compute', 'project_info']
2018-04-26 11:18:49,045 DEBUG    root            Loaded Command Group: ['gcloud', 'compute', 'project-info', 'describe']
2018-04-26 11:18:49,051 INFO     root            Executing: [gcloud compute project-info describe --quiet]
2018-04-26 11:18:49,054 DEBUG    root            Running [gcloud.compute.project-info.describe] with arguments: [--no-user-output-enabled: "false", --quiet: "True", --verbosity: "none"]
2018-04-26 11:18:49,571 DEBUG    root            (gcloud.compute.project-info.describe) HTTPError 403: Access Not Configured. Compute Engine API has not been used in project 938761276229 before or it is disabled. Enable it by visiting https://console.developers.google.com/apis/api/compute.googleapis.com/overview?project=938761276229 then retry. If you enabled this API recently, wait a few minutes for the action to propagate to our systems and retry.
Traceback (most recent call last):
  File "/Users/ShimamuraMasaru/dev/google-cloud-sdk/lib/googlecloudsdk/calliope/cli.py", line 797, in Execute
    resources = calliope_command.Run(cli=self, args=args)
  File "/Users/ShimamuraMasaru/dev/google-cloud-sdk/lib/googlecloudsdk/calliope/backend.py", line 757, in Run
    resources = command_instance.Run(args)
  File "/Users/ShimamuraMasaru/dev/google-cloud-sdk/lib/surface/compute/project_info/describe.py", line 34, in Run
    project=project_ref.projectId))])[0]
  File "/Users/ShimamuraMasaru/dev/google-cloud-sdk/lib/googlecloudsdk/api_lib/compute/client_adapter.py", line 85, in MakeRequests
    progress_tracker=progress_tracker,
  File "/Users/ShimamuraMasaru/dev/google-cloud-sdk/lib/googlecloudsdk/api_lib/compute/request_helper.py", line 245, in MakeRequests
    requests=requests, http=http, batch_url=batch_url)
  File "/Users/ShimamuraMasaru/dev/google-cloud-sdk/lib/googlecloudsdk/api_lib/compute/batch_helper.py", line 100, in MakeRequests
    batch_request_callback=batch_checker.BatchCheck)
  File "/Users/ShimamuraMasaru/dev/./google-cloud-sdk/lib/third_party/apitools/base/py/batch.py", line 222, in Execute
    batch_http_request.Execute(http)
  File "/Users/ShimamuraMasaru/dev/./google-cloud-sdk/lib/third_party/apitools/base/py/batch.py", line 492, in Execute
    self.__callback(response, exception)
  File "/Users/ShimamuraMasaru/dev/google-cloud-sdk/lib/googlecloudsdk/api_lib/compute/batch_helper.py", line 67, in BatchCheck
    is_batch_request=True)
  File "/Users/ShimamuraMasaru/dev/google-cloud-sdk/lib/googlecloudsdk/api_lib/util/apis.py", line 234, in PromptToEnableApi
    raise exception
HttpException: HTTPError 403: Access Not Configured. Compute Engine API has not been used in project 938761276229 before or it is disabled. Enable it by visiting https://console.developers.google.com/apis/api/compute.googleapis.com/overview?project=938761276229 then retry. If you enabled this API recently, wait a few minutes for the action to propagate to our systems and retry.
2018-04-26 11:18:49,572 ERROR    root            (gcloud.compute.project-info.describe) HTTPError 403: Access Not Configured. Compute Engine API has not been used in project 938761276229 before or it is disabled. Enable it by visiting https://console.developers.google.com/apis/api/compute.googleapis.com/overview?project=938761276229 then retry. If you enabled this API recently, wait a few minutes for the action to propagate to our systems and retry.
2018-04-26 11:18:49,586 INFO     root            [compute project-info describe --quiet] has failed

2018-04-26 11:18:49,586 INFO     ___FILE_ONLY___ Not setting default zone/region (this feature makes it easier to use
[gcloud compute] by setting an appropriate default value for the
--zone and --region flag).
See https://cloud.google.com/compute/docs/gcloud-compute section on how to set
default compute region and zone manually. If you would like [gcloud init] to be
able to do this for you the next time you run it, make sure the
Compute Engine API is enabled for your project on the
https://console.developers.google.com/apis page.


2018-04-26 11:18:49,587 DEBUG    root            Executing command: [u'/Users/ShimamuraMasaru/dev/google-cloud-sdk/bin/gsutil', 'config', '-n', '-o', '/Users/ShimamuraMasaru/.boto']
2018-04-26 11:18:51,716 DEBUG    ___FILE_ONLY___ 
2018-04-26 11:18:51,717 DEBUG    ___FILE_ONLY___ This command will create a boto config file at
/Users/ShimamuraMasaru/.boto containing your credentials, based on
your responses to the following questions.

Boto config file "/Users/ShimamuraMasaru/.boto" created. If you need
to use a proxy to access the Internet please see the instructions in
that file.

2018-04-26 11:18:51,717 INFO     ___FILE_ONLY___ Created a default .boto configuration file at [/Users/ShimamuraMasaru/.boto]. See this file and
[https://cloud.google.com/storage/docs/gsutil/commands/config] for more
information about configuring Google Cloud Storage.

2018-04-26 11:18:51,717 INFO     ___FILE_ONLY___ Your Google Cloud SDK is configured and ready to use!


2018-04-26 11:18:51,717 INFO     ___FILE_ONLY___ * Commands that require authentication will use fxxkinspam@gmail.com by default

2018-04-26 11:18:51,718 INFO     ___FILE_ONLY___ * Commands will reference project `kajinote-718f3` by default

2018-04-26 11:18:51,718 INFO     ___FILE_ONLY___ Run `gcloud help config` to learn how to change individual settings


2018-04-26 11:18:51,718 INFO     ___FILE_ONLY___ This gcloud configuration is called [default]. You can create additional configurations if you work with multiple accounts and/or projects.

2018-04-26 11:18:51,718 INFO     ___FILE_ONLY___ Run `gcloud topic configurations` to learn more.


2018-04-26 11:18:51,718 INFO     ___FILE_ONLY___ Some things to try next:


2018-04-26 11:18:51,718 INFO     ___FILE_ONLY___ * Run `gcloud --help` to see the Cloud Platform services you can interact with. And run `gcloud help COMMAND` to get help on any gcloud command.

2018-04-26 11:18:51,719 INFO     ___FILE_ONLY___ * Run `gcloud topic -h` to learn about advanced features of the SDK like arg files and output formatting

2018-04-26 11:18:51,720 INFO     root            Display format "default".
2018-04-26 11:18:51,746 DEBUG    root            Metrics reporting process started...
